0 info it worked if it ends with ok
1 verbose cli [ 'C:\\Program Files (x86)\\nodejs\\node.exe',
1 verbose cli   'C:\\Program Files (x86)\\nodejs\\node_modules\\npm\\bin\\npm-cli.js',
1 verbose cli   'install',
1 verbose cli   'jQuery@2.1.3' ]
2 info using npm@2.7.4
3 info using node@v0.12.2
4 warn package.json bcrypt-pbkdf@1.0.0 No repository field.
5 warn package.json program-version@0.1.1 No repository field.
6 warn package.json punycode@1.4.1 punycode is also the name of a node core module.
7 warn package.json string_decoder@0.10.31 string_decoder is also the name of a node core module.
8 warn package.json har-validator@2.0.6 No bin file found at bin/har-validator
9 warn package.json mkdirp@0.5.1 No bin file found at bin/cmd.js
10 warn package.json node-gyp@3.4.0 No bin file found at ./bin/node-gyp.js
11 warn package.json nopt@3.0.6 No bin file found at ./bin/nopt.js
12 warn package.json sass-graph@2.1.2 No bin file found at bin/sassgraph
13 warn package.json semver@5.3.0 No bin file found at ./bin/semver
14 warn package.json shelljs@0.3.0 No bin file found at ./bin/shjs
15 warn package.json sshpk@1.10.1 No bin file found at bin/sshpk-conv
16 warn package.json sshpk@1.10.1 No bin file found at bin/sshpk-verify
17 warn package.json sshpk@1.10.1 No bin file found at bin/sshpk-sign
18 warn package.json uuid@3.0.1 No bin file found at ./bin/uuid
19 warn package.json which@1.2.12 No bin file found at ./bin/which
20 silly cache add args [ 'jQuery@2.1.3', null ]
21 verbose cache add spec jQuery@2.1.3
22 silly cache add parsed spec { raw: 'jQuery@2.1.3',
22 silly cache add   scope: null,
22 silly cache add   name: 'jQuery',
22 silly cache add   rawSpec: '2.1.3',
22 silly cache add   spec: '2.1.3',
22 silly cache add   type: 'version' }
23 verbose addNamed jQuery@2.1.3
24 silly addNamed semver.valid 2.1.3
25 silly addNamed semver.validRange 2.1.3
26 silly mapToRegistry name jQuery
27 silly mapToRegistry using default registry
28 silly mapToRegistry registry https://registry.npmjs.org/
29 silly mapToRegistry uri https://registry.npmjs.org/jQuery
30 verbose addNameVersion registry:https://registry.npmjs.org/jQuery not in flight; fetching
31 verbose request uri https://registry.npmjs.org/jQuery
32 verbose request no auth needed
33 info attempt registry request try #1 at 10:29:23 PM
34 verbose request id 67e74c4ccea5c0ba
35 verbose etag W/"5847e81f-1f92"
36 verbose lastModified Wed, 07 Dec 2016 10:44:47 GMT
37 http request GET https://registry.npmjs.org/jQuery
38 http 304 https://registry.npmjs.org/jQuery
39 silly get cb [ 304,
39 silly get   { date: 'Fri, 17 Feb 2017 03:28:50 GMT',
39 silly get     via: '1.1 varnish',
39 silly get     'cache-control': 'max-age=300',
39 silly get     etag: 'W/"5847e81f-1f92"',
39 silly get     age: '27',
39 silly get     connection: 'keep-alive',
39 silly get     'x-served-by': 'cache-atl6224-ATL',
39 silly get     'x-cache': 'HIT',
39 silly get     'x-cache-hits': '1',
39 silly get     'x-timer': 'S1487302130.603129,VS0,VE0',
39 silly get     vary: 'Accept-Encoding' } ]
40 verbose etag https://registry.npmjs.org/jQuery from cache
41 verbose get saving jQuery to C:\Users\Anthony\AppData\Roaming\npm-cache\registry.npmjs.org\jQuery\.cache.json
42 verbose stack Error: version not found: jQuery@2.1.3
42 verbose stack     at setData (C:\Program Files (x86)\nodejs\node_modules\npm\lib\cache\add-named.js:122:12)
42 verbose stack     at RES (C:\Program Files (x86)\nodejs\node_modules\npm\node_modules\inflight\inflight.js:23:14)
42 verbose stack     at f (C:\Program Files (x86)\nodejs\node_modules\npm\node_modules\once\once.js:17:25)
42 verbose stack     at saved (C:\Program Files (x86)\nodejs\node_modules\npm\lib\cache\caching-client.js:173:7)
42 verbose stack     at FSReqWrap.oncomplete (fs.js:95:15)
43 verbose statusCode 404
44 verbose cwd C:\Users\Anthony\Dropbox (Confluxual, LLC)\Confluxual, LLC Team Folder\LikeMyDessert_ng
45 error Windows_NT 6.3.9600
46 error argv "C:\\Program Files (x86)\\nodejs\\node.exe" "C:\\Program Files (x86)\\nodejs\\node_modules\\npm\\bin\\npm-cli.js" "install" "jQuery@2.1.3"
47 error node v0.12.2
48 error npm  v2.7.4
49 error version not found: jQuery@2.1.3
50 error If you need help, you may report this error at:
50 error     <https://github.com/npm/npm/issues>
51 verbose exit [ 1, true ]
